<?xml version="1.0" encoding="UTF-8"?>
<testsuite xmlns:xsi="http://www.w3.org/2001/XMLSchema-instance" xsi:noNamespaceSchemaLocation="https://maven.apache.org/surefire/maven-surefire-plugin/xsd/surefire-test-report-3.0.xsd" version="3.0" name="runner.TestRunner" time="199.419" tests="3" errors="0" skipped="0" failures="0">
  <properties>
    <property name="java.specification.version" value="15"/>
    <property name="sun.jnu.encoding" value="UTF-8"/>
    <property name="java.class.path" value="/Users/rahmanfamily/Desktop/cucumberJava1/target/test-classes:/Users/rahmanfamily/Desktop/cucumberJava1/target/classes:/Users/rahmanfamily/.m2/repository/org/seleniumhq/selenium/selenium-java/3.141.59/selenium-java-3.141.59.jar:/Users/rahmanfamily/.m2/repository/org/seleniumhq/selenium/selenium-api/3.141.59/selenium-api-3.141.59.jar:/Users/rahmanfamily/.m2/repository/org/seleniumhq/selenium/selenium-chrome-driver/3.141.59/selenium-chrome-driver-3.141.59.jar:/Users/rahmanfamily/.m2/repository/org/seleniumhq/selenium/selenium-edge-driver/3.141.59/selenium-edge-driver-3.141.59.jar:/Users/rahmanfamily/.m2/repository/org/seleniumhq/selenium/selenium-firefox-driver/3.141.59/selenium-firefox-driver-3.141.59.jar:/Users/rahmanfamily/.m2/repository/org/seleniumhq/selenium/selenium-ie-driver/3.141.59/selenium-ie-driver-3.141.59.jar:/Users/rahmanfamily/.m2/repository/org/seleniumhq/selenium/selenium-opera-driver/3.141.59/selenium-opera-driver-3.141.59.jar:/Users/rahmanfamily/.m2/repository/org/seleniumhq/selenium/selenium-remote-driver/3.141.59/selenium-remote-driver-3.141.59.jar:/Users/rahmanfamily/.m2/repository/org/seleniumhq/selenium/selenium-safari-driver/3.141.59/selenium-safari-driver-3.141.59.jar:/Users/rahmanfamily/.m2/repository/org/seleniumhq/selenium/selenium-support/3.141.59/selenium-support-3.141.59.jar:/Users/rahmanfamily/.m2/repository/net/bytebuddy/byte-buddy/1.8.15/byte-buddy-1.8.15.jar:/Users/rahmanfamily/.m2/repository/org/apache/commons/commons-exec/1.3/commons-exec-1.3.jar:/Users/rahmanfamily/.m2/repository/com/google/guava/guava/25.0-jre/guava-25.0-jre.jar:/Users/rahmanfamily/.m2/repository/com/google/code/findbugs/jsr305/1.3.9/jsr305-1.3.9.jar:/Users/rahmanfamily/.m2/repository/org/checkerframework/checker-compat-qual/2.0.0/checker-compat-qual-2.0.0.jar:/Users/rahmanfamily/.m2/repository/com/google/errorprone/error_prone_annotations/2.1.3/error_prone_annotations-2.1.3.jar:/Users/rahmanfamily/.m2/repository/com/google/j2objc/j2objc-annotations/1.1/j2objc-annotations-1.1.jar:/Users/rahmanfamily/.m2/repository/org/codehaus/mojo/animal-sniffer-annotations/1.14/animal-sniffer-annotations-1.14.jar:/Users/rahmanfamily/.m2/repository/com/squareup/okhttp3/okhttp/3.11.0/okhttp-3.11.0.jar:/Users/rahmanfamily/.m2/repository/com/squareup/okio/okio/1.14.0/okio-1.14.0.jar:/Users/rahmanfamily/.m2/repository/io/cucumber/cucumber-java/6.9.0/cucumber-java-6.9.0.jar:/Users/rahmanfamily/.m2/repository/io/cucumber/cucumber-core/6.9.0/cucumber-core-6.9.0.jar:/Users/rahmanfamily/.m2/repository/io/cucumber/cucumber-gherkin/6.9.0/cucumber-gherkin-6.9.0.jar:/Users/rahmanfamily/.m2/repository/io/cucumber/cucumber-gherkin-messages/6.9.0/cucumber-gherkin-messages-6.9.0.jar:/Users/rahmanfamily/.m2/repository/io/cucumber/messages/13.2.0/messages-13.2.0.jar:/Users/rahmanfamily/.m2/repository/io/cucumber/tag-expressions/3.0.0/tag-expressions-3.0.0.jar:/Users/rahmanfamily/.m2/repository/io/cucumber/cucumber-expressions/10.3.0/cucumber-expressions-10.3.0.jar:/Users/rahmanfamily/.m2/repository/io/cucumber/datatable/3.5.0/datatable-3.5.0.jar:/Users/rahmanfamily/.m2/repository/io/cucumber/cucumber-plugin/6.9.0/cucumber-plugin-6.9.0.jar:/Users/rahmanfamily/.m2/repository/io/cucumber/docstring/6.9.0/docstring-6.9.0.jar:/Users/rahmanfamily/.m2/repository/io/cucumber/html-formatter/9.0.0/html-formatter-9.0.0.jar:/Users/rahmanfamily/.m2/repository/io/cucumber/create-meta/2.0.4/create-meta-2.0.4.jar:/Users/rahmanfamily/.m2/repository/org/apiguardian/apiguardian-api/1.1.0/apiguardian-api-1.1.0.jar:/Users/rahmanfamily/.m2/repository/io/cucumber/cucumber-junit/6.9.0/cucumber-junit-6.9.0.jar:/Users/rahmanfamily/.m2/repository/junit/junit/4.13.1/junit-4.13.1.jar:/Users/rahmanfamily/.m2/repository/org/hamcrest/hamcrest-core/1.3/hamcrest-core-1.3.jar:/Users/rahmanfamily/.m2/repository/io/github/bonigarcia/webdrivermanager/4.2.2/webdrivermanager-4.2.2.jar:/Users/rahmanfamily/.m2/repository/org/slf4j/slf4j-api/1.7.30/slf4j-api-1.7.30.jar:/Users/rahmanfamily/.m2/repository/commons-io/commons-io/2.8.0/commons-io-2.8.0.jar:/Users/rahmanfamily/.m2/repository/com/google/code/gson/gson/2.8.6/gson-2.8.6.jar:/Users/rahmanfamily/.m2/repository/org/apache/commons/commons-lang3/3.11/commons-lang3-3.11.jar:/Users/rahmanfamily/.m2/repository/org/apache/httpcomponents/client5/httpclient5/5.0.1/httpclient5-5.0.1.jar:/Users/rahmanfamily/.m2/repository/org/apache/httpcomponents/core5/httpcore5/5.0.1/httpcore5-5.0.1.jar:/Users/rahmanfamily/.m2/repository/org/apache/httpcomponents/core5/httpcore5-h2/5.0.1/httpcore5-h2-5.0.1.jar:/Users/rahmanfamily/.m2/repository/commons-codec/commons-codec/1.13/commons-codec-1.13.jar:/Users/rahmanfamily/.m2/repository/org/rauschig/jarchivelib/1.1.0/jarchivelib-1.1.0.jar:/Users/rahmanfamily/.m2/repository/org/apache/commons/commons-compress/1.20/commons-compress-1.20.jar:/Users/rahmanfamily/.m2/repository/org/jsoup/jsoup/1.13.1/jsoup-1.13.1.jar:/Users/rahmanfamily/.m2/repository/org/apache/logging/log4j/log4j-core/2.13.3/log4j-core-2.13.3.jar:/Users/rahmanfamily/.m2/repository/org/apache/logging/log4j/log4j-api/2.13.3/log4j-api-2.13.3.jar:/Users/rahmanfamily/.m2/repository/net/masterthought/maven-cucumber-reporting/5.4.0/maven-cucumber-reporting-5.4.0.jar:/Users/rahmanfamily/.m2/repository/org/apache/maven/maven-plugin-api/3.6.3/maven-plugin-api-3.6.3.jar:/Users/rahmanfamily/.m2/repository/org/apache/maven/maven-model/3.6.3/maven-model-3.6.3.jar:/Users/rahmanfamily/.m2/repository/org/apache/maven/maven-artifact/3.6.3/maven-artifact-3.6.3.jar:/Users/rahmanfamily/.m2/repository/org/eclipse/sisu/org.eclipse.sisu.plexus/0.3.4/org.eclipse.sisu.plexus-0.3.4.jar:/Users/rahmanfamily/.m2/repository/javax/enterprise/cdi-api/1.0/cdi-api-1.0.jar:/Users/rahmanfamily/.m2/repository/javax/annotation/jsr250-api/1.0/jsr250-api-1.0.jar:/Users/rahmanfamily/.m2/repository/javax/inject/javax.inject/1/javax.inject-1.jar:/Users/rahmanfamily/.m2/repository/org/eclipse/sisu/org.eclipse.sisu.inject/0.3.4/org.eclipse.sisu.inject-0.3.4.jar:/Users/rahmanfamily/.m2/repository/org/codehaus/plexus/plexus-component-annotations/1.5.5/plexus-component-annotations-1.5.5.jar:/Users/rahmanfamily/.m2/repository/org/codehaus/plexus/plexus-utils/3.2.1/plexus-utils-3.2.1.jar:/Users/rahmanfamily/.m2/repository/org/codehaus/plexus/plexus-classworlds/2.6.0/plexus-classworlds-2.6.0.jar:/Users/rahmanfamily/.m2/repository/org/apache/maven/plugins/maven-gpg-plugin/1.6/maven-gpg-plugin-1.6.jar:/Users/rahmanfamily/.m2/repository/org/apache/maven/maven-project/2.2.1/maven-project-2.2.1.jar:/Users/rahmanfamily/.m2/repository/org/apache/maven/maven-settings/2.2.1/maven-settings-2.2.1.jar:/Users/rahmanfamily/.m2/repository/org/apache/maven/maven-profile/2.2.1/maven-profile-2.2.1.jar:/Users/rahmanfamily/.m2/repository/org/apache/maven/maven-artifact-manager/2.2.1/maven-artifact-manager-2.2.1.jar:/Users/rahmanfamily/.m2/repository/org/apache/maven/wagon/wagon-provider-api/1.0-beta-6/wagon-provider-api-1.0-beta-6.jar:/Users/rahmanfamily/.m2/repository/backport-util-concurrent/backport-util-concurrent/3.1/backport-util-concurrent-3.1.jar:/Users/rahmanfamily/.m2/repository/org/apache/maven/maven-plugin-registry/2.2.1/maven-plugin-registry-2.2.1.jar:/Users/rahmanfamily/.m2/repository/org/codehaus/plexus/plexus-interpolation/1.11/plexus-interpolation-1.11.jar:/Users/rahmanfamily/.m2/repository/org/codehaus/plexus/plexus-container-default/1.0-alpha-9-stable-1/plexus-container-default-1.0-alpha-9-stable-1.jar:/Users/rahmanfamily/.m2/repository/classworlds/classworlds/1.1-alpha-2/classworlds-1.1-alpha-2.jar:/Users/rahmanfamily/.m2/repository/org/apache/maven/maven-repository-metadata/2.2.1/maven-repository-metadata-2.2.1.jar:/Users/rahmanfamily/.m2/repository/org/sonatype/plexus/plexus-sec-dispatcher/1.4/plexus-sec-dispatcher-1.4.jar:/Users/rahmanfamily/.m2/repository/org/sonatype/plexus/plexus-cipher/1.4/plexus-cipher-1.4.jar:/Users/rahmanfamily/.m2/repository/net/masterthought/cucumber-reporting/5.4.0/cucumber-reporting-5.4.0.jar:/Users/rahmanfamily/.m2/repository/com/fasterxml/jackson/core/jackson-databind/2.10.1/jackson-databind-2.10.1.jar:/Users/rahmanfamily/.m2/repository/com/fasterxml/jackson/core/jackson-annotations/2.10.1/jackson-annotations-2.10.1.jar:/Users/rahmanfamily/.m2/repository/com/fasterxml/jackson/core/jackson-core/2.10.1/jackson-core-2.10.1.jar:/Users/rahmanfamily/.m2/repository/com/fasterxml/jackson/datatype/jackson-datatype-jsr310/2.10.1/jackson-datatype-jsr310-2.10.1.jar:/Users/rahmanfamily/.m2/repository/org/apache/velocity/velocity-engine-core/2.1/velocity-engine-core-2.1.jar:/Users/rahmanfamily/.m2/repository/commons-collections/commons-collections/3.2.2/commons-collections-3.2.2.jar:/Users/rahmanfamily/.m2/repository/joda-time/joda-time/2.10.5/joda-time-2.10.5.jar:/Users/rahmanfamily/.m2/repository/com/googlecode/owasp-java-html-sanitizer/owasp-java-html-sanitizer/20191001.1/owasp-java-html-sanitizer-20191001.1.jar:/Users/rahmanfamily/.m2/repository/commons-configuration/commons-configuration/1.10/commons-configuration-1.10.jar:/Users/rahmanfamily/.m2/repository/commons-lang/commons-lang/2.6/commons-lang-2.6.jar:/Users/rahmanfamily/.m2/repository/commons-logging/commons-logging/1.1.1/commons-logging-1.1.1.jar:"/>
    <property name="java.vm.vendor" value="Oracle Corporation"/>
    <property name="sun.arch.data.model" value="64"/>
    <property name="java.vendor.url" value="https://openjdk.java.net/"/>
    <property name="os.name" value="Mac OS X"/>
    <property name="java.vm.specification.version" value="15"/>
    <property name="sun.java.launcher" value="SUN_STANDARD"/>
    <property name="user.country" value="US"/>
    <property name="sun.boot.library.path" value="/usr/local/Cellar/openjdk/15.0.1/libexec/openjdk.jdk/Contents/Home/lib"/>
    <property name="sun.java.command" value="/Users/rahmanfamily/Desktop/cucumberJava1/target/surefire/surefirebooter162717159335919791.jar /Users/rahmanfamily/Desktop/cucumberJava1/target/surefire 2020-12-06T11-22-53_502-jvmRun1 surefire4875600738661050764tmp surefire_013251867394329379964tmp"/>
    <property name="http.nonProxyHosts" value="local|*.local|169.254/16|*.169.254/16"/>
    <property name="jdk.debug" value="release"/>
    <property name="surefire.test.class.path" value="/Users/rahmanfamily/Desktop/cucumberJava1/target/test-classes:/Users/rahmanfamily/Desktop/cucumberJava1/target/classes:/Users/rahmanfamily/.m2/repository/org/seleniumhq/selenium/selenium-java/3.141.59/selenium-java-3.141.59.jar:/Users/rahmanfamily/.m2/repository/org/seleniumhq/selenium/selenium-api/3.141.59/selenium-api-3.141.59.jar:/Users/rahmanfamily/.m2/repository/org/seleniumhq/selenium/selenium-chrome-driver/3.141.59/selenium-chrome-driver-3.141.59.jar:/Users/rahmanfamily/.m2/repository/org/seleniumhq/selenium/selenium-edge-driver/3.141.59/selenium-edge-driver-3.141.59.jar:/Users/rahmanfamily/.m2/repository/org/seleniumhq/selenium/selenium-firefox-driver/3.141.59/selenium-firefox-driver-3.141.59.jar:/Users/rahmanfamily/.m2/repository/org/seleniumhq/selenium/selenium-ie-driver/3.141.59/selenium-ie-driver-3.141.59.jar:/Users/rahmanfamily/.m2/repository/org/seleniumhq/selenium/selenium-opera-driver/3.141.59/selenium-opera-driver-3.141.59.jar:/Users/rahmanfamily/.m2/repository/org/seleniumhq/selenium/selenium-remote-driver/3.141.59/selenium-remote-driver-3.141.59.jar:/Users/rahmanfamily/.m2/repository/org/seleniumhq/selenium/selenium-safari-driver/3.141.59/selenium-safari-driver-3.141.59.jar:/Users/rahmanfamily/.m2/repository/org/seleniumhq/selenium/selenium-support/3.141.59/selenium-support-3.141.59.jar:/Users/rahmanfamily/.m2/repository/net/bytebuddy/byte-buddy/1.8.15/byte-buddy-1.8.15.jar:/Users/rahmanfamily/.m2/repository/org/apache/commons/commons-exec/1.3/commons-exec-1.3.jar:/Users/rahmanfamily/.m2/repository/com/google/guava/guava/25.0-jre/guava-25.0-jre.jar:/Users/rahmanfamily/.m2/repository/com/google/code/findbugs/jsr305/1.3.9/jsr305-1.3.9.jar:/Users/rahmanfamily/.m2/repository/org/checkerframework/checker-compat-qual/2.0.0/checker-compat-qual-2.0.0.jar:/Users/rahmanfamily/.m2/repository/com/google/errorprone/error_prone_annotations/2.1.3/error_prone_annotations-2.1.3.jar:/Users/rahmanfamily/.m2/repository/com/google/j2objc/j2objc-annotations/1.1/j2objc-annotations-1.1.jar:/Users/rahmanfamily/.m2/repository/org/codehaus/mojo/animal-sniffer-annotations/1.14/animal-sniffer-annotations-1.14.jar:/Users/rahmanfamily/.m2/repository/com/squareup/okhttp3/okhttp/3.11.0/okhttp-3.11.0.jar:/Users/rahmanfamily/.m2/repository/com/squareup/okio/okio/1.14.0/okio-1.14.0.jar:/Users/rahmanfamily/.m2/repository/io/cucumber/cucumber-java/6.9.0/cucumber-java-6.9.0.jar:/Users/rahmanfamily/.m2/repository/io/cucumber/cucumber-core/6.9.0/cucumber-core-6.9.0.jar:/Users/rahmanfamily/.m2/repository/io/cucumber/cucumber-gherkin/6.9.0/cucumber-gherkin-6.9.0.jar:/Users/rahmanfamily/.m2/repository/io/cucumber/cucumber-gherkin-messages/6.9.0/cucumber-gherkin-messages-6.9.0.jar:/Users/rahmanfamily/.m2/repository/io/cucumber/messages/13.2.0/messages-13.2.0.jar:/Users/rahmanfamily/.m2/repository/io/cucumber/tag-expressions/3.0.0/tag-expressions-3.0.0.jar:/Users/rahmanfamily/.m2/repository/io/cucumber/cucumber-expressions/10.3.0/cucumber-expressions-10.3.0.jar:/Users/rahmanfamily/.m2/repository/io/cucumber/datatable/3.5.0/datatable-3.5.0.jar:/Users/rahmanfamily/.m2/repository/io/cucumber/cucumber-plugin/6.9.0/cucumber-plugin-6.9.0.jar:/Users/rahmanfamily/.m2/repository/io/cucumber/docstring/6.9.0/docstring-6.9.0.jar:/Users/rahmanfamily/.m2/repository/io/cucumber/html-formatter/9.0.0/html-formatter-9.0.0.jar:/Users/rahmanfamily/.m2/repository/io/cucumber/create-meta/2.0.4/create-meta-2.0.4.jar:/Users/rahmanfamily/.m2/repository/org/apiguardian/apiguardian-api/1.1.0/apiguardian-api-1.1.0.jar:/Users/rahmanfamily/.m2/repository/io/cucumber/cucumber-junit/6.9.0/cucumber-junit-6.9.0.jar:/Users/rahmanfamily/.m2/repository/junit/junit/4.13.1/junit-4.13.1.jar:/Users/rahmanfamily/.m2/repository/org/hamcrest/hamcrest-core/1.3/hamcrest-core-1.3.jar:/Users/rahmanfamily/.m2/repository/io/github/bonigarcia/webdrivermanager/4.2.2/webdrivermanager-4.2.2.jar:/Users/rahmanfamily/.m2/repository/org/slf4j/slf4j-api/1.7.30/slf4j-api-1.7.30.jar:/Users/rahmanfamily/.m2/repository/commons-io/commons-io/2.8.0/commons-io-2.8.0.jar:/Users/rahmanfamily/.m2/repository/com/google/code/gson/gson/2.8.6/gson-2.8.6.jar:/Users/rahmanfamily/.m2/repository/org/apache/commons/commons-lang3/3.11/commons-lang3-3.11.jar:/Users/rahmanfamily/.m2/repository/org/apache/httpcomponents/client5/httpclient5/5.0.1/httpclient5-5.0.1.jar:/Users/rahmanfamily/.m2/repository/org/apache/httpcomponents/core5/httpcore5/5.0.1/httpcore5-5.0.1.jar:/Users/rahmanfamily/.m2/repository/org/apache/httpcomponents/core5/httpcore5-h2/5.0.1/httpcore5-h2-5.0.1.jar:/Users/rahmanfamily/.m2/repository/commons-codec/commons-codec/1.13/commons-codec-1.13.jar:/Users/rahmanfamily/.m2/repository/org/rauschig/jarchivelib/1.1.0/jarchivelib-1.1.0.jar:/Users/rahmanfamily/.m2/repository/org/apache/commons/commons-compress/1.20/commons-compress-1.20.jar:/Users/rahmanfamily/.m2/repository/org/jsoup/jsoup/1.13.1/jsoup-1.13.1.jar:/Users/rahmanfamily/.m2/repository/org/apache/logging/log4j/log4j-core/2.13.3/log4j-core-2.13.3.jar:/Users/rahmanfamily/.m2/repository/org/apache/logging/log4j/log4j-api/2.13.3/log4j-api-2.13.3.jar:/Users/rahmanfamily/.m2/repository/net/masterthought/maven-cucumber-reporting/5.4.0/maven-cucumber-reporting-5.4.0.jar:/Users/rahmanfamily/.m2/repository/org/apache/maven/maven-plugin-api/3.6.3/maven-plugin-api-3.6.3.jar:/Users/rahmanfamily/.m2/repository/org/apache/maven/maven-model/3.6.3/maven-model-3.6.3.jar:/Users/rahmanfamily/.m2/repository/org/apache/maven/maven-artifact/3.6.3/maven-artifact-3.6.3.jar:/Users/rahmanfamily/.m2/repository/org/eclipse/sisu/org.eclipse.sisu.plexus/0.3.4/org.eclipse.sisu.plexus-0.3.4.jar:/Users/rahmanfamily/.m2/repository/javax/enterprise/cdi-api/1.0/cdi-api-1.0.jar:/Users/rahmanfamily/.m2/repository/javax/annotation/jsr250-api/1.0/jsr250-api-1.0.jar:/Users/rahmanfamily/.m2/repository/javax/inject/javax.inject/1/javax.inject-1.jar:/Users/rahmanfamily/.m2/repository/org/eclipse/sisu/org.eclipse.sisu.inject/0.3.4/org.eclipse.sisu.inject-0.3.4.jar:/Users/rahmanfamily/.m2/repository/org/codehaus/plexus/plexus-component-annotations/1.5.5/plexus-component-annotations-1.5.5.jar:/Users/rahmanfamily/.m2/repository/org/codehaus/plexus/plexus-utils/3.2.1/plexus-utils-3.2.1.jar:/Users/rahmanfamily/.m2/repository/org/codehaus/plexus/plexus-classworlds/2.6.0/plexus-classworlds-2.6.0.jar:/Users/rahmanfamily/.m2/repository/org/apache/maven/plugins/maven-gpg-plugin/1.6/maven-gpg-plugin-1.6.jar:/Users/rahmanfamily/.m2/repository/org/apache/maven/maven-project/2.2.1/maven-project-2.2.1.jar:/Users/rahmanfamily/.m2/repository/org/apache/maven/maven-settings/2.2.1/maven-settings-2.2.1.jar:/Users/rahmanfamily/.m2/repository/org/apache/maven/maven-profile/2.2.1/maven-profile-2.2.1.jar:/Users/rahmanfamily/.m2/repository/org/apache/maven/maven-artifact-manager/2.2.1/maven-artifact-manager-2.2.1.jar:/Users/rahmanfamily/.m2/repository/org/apache/maven/wagon/wagon-provider-api/1.0-beta-6/wagon-provider-api-1.0-beta-6.jar:/Users/rahmanfamily/.m2/repository/backport-util-concurrent/backport-util-concurrent/3.1/backport-util-concurrent-3.1.jar:/Users/rahmanfamily/.m2/repository/org/apache/maven/maven-plugin-registry/2.2.1/maven-plugin-registry-2.2.1.jar:/Users/rahmanfamily/.m2/repository/org/codehaus/plexus/plexus-interpolation/1.11/plexus-interpolation-1.11.jar:/Users/rahmanfamily/.m2/repository/org/codehaus/plexus/plexus-container-default/1.0-alpha-9-stable-1/plexus-container-default-1.0-alpha-9-stable-1.jar:/Users/rahmanfamily/.m2/repository/classworlds/classworlds/1.1-alpha-2/classworlds-1.1-alpha-2.jar:/Users/rahmanfamily/.m2/repository/org/apache/maven/maven-repository-metadata/2.2.1/maven-repository-metadata-2.2.1.jar:/Users/rahmanfamily/.m2/repository/org/sonatype/plexus/plexus-sec-dispatcher/1.4/plexus-sec-dispatcher-1.4.jar:/Users/rahmanfamily/.m2/repository/org/sonatype/plexus/plexus-cipher/1.4/plexus-cipher-1.4.jar:/Users/rahmanfamily/.m2/repository/net/masterthought/cucumber-reporting/5.4.0/cucumber-reporting-5.4.0.jar:/Users/rahmanfamily/.m2/repository/com/fasterxml/jackson/core/jackson-databind/2.10.1/jackson-databind-2.10.1.jar:/Users/rahmanfamily/.m2/repository/com/fasterxml/jackson/core/jackson-annotations/2.10.1/jackson-annotations-2.10.1.jar:/Users/rahmanfamily/.m2/repository/com/fasterxml/jackson/core/jackson-core/2.10.1/jackson-core-2.10.1.jar:/Users/rahmanfamily/.m2/repository/com/fasterxml/jackson/datatype/jackson-datatype-jsr310/2.10.1/jackson-datatype-jsr310-2.10.1.jar:/Users/rahmanfamily/.m2/repository/org/apache/velocity/velocity-engine-core/2.1/velocity-engine-core-2.1.jar:/Users/rahmanfamily/.m2/repository/commons-collections/commons-collections/3.2.2/commons-collections-3.2.2.jar:/Users/rahmanfamily/.m2/repository/joda-time/joda-time/2.10.5/joda-time-2.10.5.jar:/Users/rahmanfamily/.m2/repository/com/googlecode/owasp-java-html-sanitizer/owasp-java-html-sanitizer/20191001.1/owasp-java-html-sanitizer-20191001.1.jar:/Users/rahmanfamily/.m2/repository/commons-configuration/commons-configuration/1.10/commons-configuration-1.10.jar:/Users/rahmanfamily/.m2/repository/commons-lang/commons-lang/2.6/commons-lang-2.6.jar:/Users/rahmanfamily/.m2/repository/commons-logging/commons-logging/1.1.1/commons-logging-1.1.1.jar:"/>
    <property name="sun.cpu.endian" value="little"/>
    <property name="user.home" value="/Users/rahmanfamily"/>
    <property name="user.language" value="en"/>
    <property name="java.specification.vendor" value="Oracle Corporation"/>
    <property name="java.version.date" value="2020-10-20"/>
    <property name="java.home" value="/usr/local/Cellar/openjdk/15.0.1/libexec/openjdk.jdk/Contents/Home"/>
    <property name="file.separator" value="/"/>
    <property name="basedir" value="/Users/rahmanfamily/Desktop/cucumberJava1"/>
    <property name="java.vm.compressedOopsMode" value="Zero based"/>
    <property name="line.separator" value="&#10;"/>
    <property name="java.specification.name" value="Java Platform API Specification"/>
    <property name="java.vm.specification.vendor" value="Oracle Corporation"/>
    <property name="surefire.real.class.path" value="/Users/rahmanfamily/Desktop/cucumberJava1/target/surefire/surefirebooter162717159335919791.jar"/>
    <property name="sun.management.compiler" value="HotSpot 64-Bit Tiered Compilers"/>
    <property name="ftp.nonProxyHosts" value="local|*.local|169.254/16|*.169.254/16"/>
    <property name="java.runtime.version" value="15.0.1+9"/>
    <property name="user.name" value="rahmanfamily"/>
    <property name="path.separator" value=":"/>
    <property name="os.version" value="10.15.7"/>
    <property name="java.runtime.name" value="OpenJDK Runtime Environment"/>
    <property name="file.encoding" value="UTF-8"/>
    <property name="java.vm.name" value="OpenJDK 64-Bit Server VM"/>
    <property name="localRepository" value="/Users/rahmanfamily/.m2/repository"/>
    <property name="java.vendor.url.bug" value="https://bugreport.java.com/bugreport/"/>
    <property name="java.io.tmpdir" value="/var/folders/49/x62tygkx03b6nl21d09khr3h0000gn/T/"/>
    <property name="java.version" value="15.0.1"/>
    <property name="cucumber.filter.tags" value="@dataDriven_test"/>
    <property name="user.dir" value="/Users/rahmanfamily/Desktop/cucumberJava1"/>
    <property name="os.arch" value="x86_64"/>
    <property name="java.vm.specification.name" value="Java Virtual Machine Specification"/>
    <property name="java.library.path" value="/Users/rahmanfamily/Library/Java/Extensions:/Library/Java/Extensions:/Network/Library/Java/Extensions:/System/Library/Java/Extensions:/usr/lib/java:."/>
    <property name="java.vm.info" value="mixed mode, sharing"/>
    <property name="java.vendor" value="N/A"/>
    <property name="java.vm.version" value="15.0.1+9"/>
    <property name="sun.io.unicode.encoding" value="UnicodeBig"/>
    <property name="socksNonProxyHosts" value="local|*.local|169.254/16|*.169.254/16"/>
    <property name="java.class.version" value="59.0"/>
  </properties>
  <testcase name="Verify monthly payment with the diffrennt input values #1" classname="test paramenter refi monthly" time="95.943">
    <system-out><![CDATA[
@dataDriven_test
Scenario Outline: Verify monthly payment with the diffrennt input values           &amp#27;[90m# src/test/resources/Features/dataRefi.feature:14&amp#27;[0m
11:23:41.170 [main] &amp#27;[0mINFO  refiSteps_cucumber.Hooks - Launch Chrome Browser&amp#27;[m
11:24:16.510 [main] &amp#27;[0mINFO  refiSteps_cucumber.LoginAmazon - homepage&amp#27;[m
  &amp#27;[32mGiven &amp#27;[0m&amp#27;[32mmortgage calculator home page&amp#27;[0m                                              &amp#27;[90m# refiSteps_cucumber.DataParam.homePage()&amp#27;[0m
11:24:24.621 [main] &amp#27;[0mINFO  refiSteps_cucumber.LoginAmazon - select refiCalculator &amp#27;[m
  &amp#27;[32mWhen &amp#27;[0m&amp#27;[32mmousehover on Refinance and click RefiCalculator&amp#27;[0m                            &amp#27;[90m# refiSteps_cucumber.DataParam.mouseHoverToRefi()&amp#27;[0m
11:24:26.857 [main] &amp#27;[0mINFO  refiSteps_cucumber.LoginAmazon - all the data entered &amp#27;[m
  &amp#27;[32mAnd &amp#27;[0m&amp#27;[32menter input values "&amp#27;[0m&amp#27;[32m&amp#27;[1m500000&amp#27;[0m&amp#27;[32m", "&amp#27;[0m&amp#27;[32m&amp#27;[1m70000&amp#27;[0m&amp#27;[32m", "&amp#27;[0m&amp#27;[32m&amp#27;[1m25&amp#27;[0m&amp#27;[32m", "&amp#27;[0m&amp#27;[32m&amp#27;[1m5&amp#27;[0m&amp#27;[32m"and click on calculate button&amp#27;[0m &amp#27;[90m# refiSteps_cucumber.DataParam.dataSet(java.lang.String,java.lang.String,java.lang.String,java.lang.String)&amp#27;[0m
11:24:27.031 [main] &amp#27;[0mINFO  command_providers.ElementAssertions - validating that the expected locator By.xpath: //*[@id='analysisDiv']/table[3]//td[2][text()='$2,513.74']does exist&amp#27;[m
11:24:29.031 [main] &amp#27;[0mINFO  refiSteps_cucumber.LoginAmazon - price validate and homepage&amp#27;[m
  &amp#27;[32mThen &amp#27;[0m&amp#27;[32mvalidate the monthly payment "&amp#27;[0m&amp#27;[32m&amp#27;[1m$2,513.74&amp#27;[0m&amp#27;[32m" and return to homepage&amp#27;[0m             &amp#27;[90m# refiSteps_cucumber.DataParam.validateMonthlyPay(java.lang.String)&amp#27;[0m
11:24:31.971 [main] &amp#27;[0mINFO  refiSteps_cucumber.Hooks - Close Chrome Browser&amp#27;[m
]]></system-out>
    <system-err><![CDATA[SLF4J: Failed to load class "org.slf4j.impl.StaticLoggerBinder".
SLF4J: Defaulting to no-operation (NOP) logger implementation
SLF4J: See http://www.slf4j.org/codes.html#StaticLoggerBinder for further details.
Starting ChromeDriver 87.0.4280.88 (89e2380a3e36c3464b5dd1302349b1382549290d-refs/branch-heads/4280@{#1761}) on port 38105
Only local connections are allowed.
Please see https://chromedriver.chromium.org/security-considerations for suggestions on keeping ChromeDriver safe.
ChromeDriver was started successfully.
Dec 06, 2020 11:23:39 AM org.openqa.selenium.remote.ProtocolHandshake createSession
INFO: Detected dialect: W3C
Starting ChromeDriver 87.0.4280.88 (89e2380a3e36c3464b5dd1302349b1382549290d-refs/branch-heads/4280@{#1761}) on port 5087
Only local connections are allowed.
Please see https://chromedriver.chromium.org/security-considerations for suggestions on keeping ChromeDriver safe.
ChromeDriver was started successfully.
Dec 06, 2020 11:24:07 AM org.openqa.selenium.remote.ProtocolHandshake createSession
INFO: Detected dialect: W3C
]]></system-err>
  </testcase>
  <testcase name="Verify monthly payment with the diffrennt input values #2" classname="test paramenter refi monthly" time="55.411">
    <system-out><![CDATA[
@dataDriven_test
Scenario Outline: Verify monthly payment with the diffrennt input values           &amp#27;[90m# src/test/resources/Features/dataRefi.feature:15&amp#27;[0m
11:24:45.177 [main] &amp#27;[0mINFO  refiSteps_cucumber.Hooks - Launch Chrome Browser&amp#27;[m
11:25:13.076 [main] &amp#27;[0mINFO  refiSteps_cucumber.LoginAmazon - homepage&amp#27;[m
  &amp#27;[32mGiven &amp#27;[0m&amp#27;[32mmortgage calculator home page&amp#27;[0m                                              &amp#27;[90m# refiSteps_cucumber.DataParam.homePage()&amp#27;[0m
11:25:20.433 [main] &amp#27;[0mINFO  refiSteps_cucumber.LoginAmazon - select refiCalculator &amp#27;[m
  &amp#27;[32mWhen &amp#27;[0m&amp#27;[32mmousehover on Refinance and click RefiCalculator&amp#27;[0m                            &amp#27;[90m# refiSteps_cucumber.DataParam.mouseHoverToRefi()&amp#27;[0m
11:25:22.633 [main] &amp#27;[0mINFO  refiSteps_cucumber.LoginAmazon - all the data entered &amp#27;[m
  &amp#27;[32mAnd &amp#27;[0m&amp#27;[32menter input values "&amp#27;[0m&amp#27;[32m&amp#27;[1m300000&amp#27;[0m&amp#27;[32m", "&amp#27;[0m&amp#27;[32m&amp#27;[1m30000&amp#27;[0m&amp#27;[32m", "&amp#27;[0m&amp#27;[32m&amp#27;[1m40&amp#27;[0m&amp#27;[32m", "&amp#27;[0m&amp#27;[32m&amp#27;[1m6&amp#27;[0m&amp#27;[32m"and click on calculate button&amp#27;[0m &amp#27;[90m# refiSteps_cucumber.DataParam.dataSet(java.lang.String,java.lang.String,java.lang.String,java.lang.String)&amp#27;[0m
11:25:22.798 [main] &amp#27;[0mINFO  command_providers.ElementAssertions - validating that the expected locator By.xpath: //*[@id='analysisDiv']/table[3]//td[2][text()='$1,485.58']does exist&amp#27;[m
11:25:24.264 [main] &amp#27;[0mINFO  refiSteps_cucumber.LoginAmazon - price validate and homepage&amp#27;[m
  &amp#27;[32mThen &amp#27;[0m&amp#27;[32mvalidate the monthly payment "&amp#27;[0m&amp#27;[32m&amp#27;[1m$1,485.58&amp#27;[0m&amp#27;[32m" and return to homepage&amp#27;[0m             &amp#27;[90m# refiSteps_cucumber.DataParam.validateMonthlyPay(java.lang.String)&amp#27;[0m
11:25:27.379 [main] &amp#27;[0mINFO  refiSteps_cucumber.Hooks - Close Chrome Browser&amp#27;[m
]]></system-out>
    <system-err><![CDATA[Starting ChromeDriver 87.0.4280.88 (89e2380a3e36c3464b5dd1302349b1382549290d-refs/branch-heads/4280@{#1761}) on port 8945
Only local connections are allowed.
Please see https://chromedriver.chromium.org/security-considerations for suggestions on keeping ChromeDriver safe.
ChromeDriver was started successfully.
Dec 06, 2020 11:24:45 AM org.openqa.selenium.remote.ProtocolHandshake createSession
INFO: Detected dialect: W3C
Starting ChromeDriver 87.0.4280.88 (89e2380a3e36c3464b5dd1302349b1382549290d-refs/branch-heads/4280@{#1761}) on port 2497
Only local connections are allowed.
Please see https://chromedriver.chromium.org/security-considerations for suggestions on keeping ChromeDriver safe.
ChromeDriver was started successfully.
Dec 06, 2020 11:25:05 AM org.openqa.selenium.remote.ProtocolHandshake createSession
INFO: Detected dialect: W3C
]]></system-err>
  </testcase>
  <testcase name="check login is successful with multiple credentials" classname="Test login functionalies" time="45.338">
    <system-out><![CDATA[
@dataDriven_test
Scenario Outline: check login is successful with multiple credentials                                      &amp#27;[90m# src/test/resources/Features/login.feature:26&amp#27;[0m
11:25:36.155 [main] &amp#27;[0mINFO  refiSteps_cucumber.Hooks - Launch Chrome Browser&amp#27;[m
11:25:42.996 [main] &amp#27;[0mINFO  refiSteps_cucumber.LoginAmazon - login page&amp#27;[m
  &amp#27;[32mGiven &amp#27;[0m&amp#27;[32ma user is on the login page&amp#27;[0m                                                                        &amp#27;[90m# refiSteps_cucumber.LoginAmazon.loginPage()&amp#27;[0m
11:25:50.594 [main] &amp#27;[0mINFO  refiSteps_cucumber.LoginAmazon - credentials entered&amp#27;[m
  &amp#27;[32mWhen &amp#27;[0m&amp#27;[32muser enter email "&amp#27;[0m&amp#27;[32m&amp#27;[1mrayanmondo@gmail.com&amp#27;[0m&amp#27;[32m" and click on continue button and enter password "&amp#27;[0m&amp#27;[32m&amp#27;[1mTaskani12&amp#27;[0m&amp#27;[32m"&amp#27;[0m &amp#27;[90m# refiSteps_cucumber.LoginAmazon.emailAndContinue(java.lang.String,java.lang.String)&amp#27;[0m
11:25:50.669 [main] &amp#27;[0mINFO  refiSteps_cucumber.LoginAmazon - CLICK ON LOGIN BUTTON&amp#27;[m
  &amp#27;[32mAnd &amp#27;[0m&amp#27;[32muser click on Sign-in button&amp#27;[0m                                                                         &amp#27;[90m# refiSteps_cucumber.LoginAmazon.Singin()&amp#27;[0m
11:26:11.090 [main] &amp#27;[0mINFO  refiSteps_cucumber.LoginAmazon - User navigated to home page&amp#27;[m
  &amp#27;[32mThen &amp#27;[0m&amp#27;[32muser is navigated to home page&amp#27;[0m                                                                      &amp#27;[90m# refiSteps_cucumber.LoginAmazon.homePage()&amp#27;[0m
11:26:12.726 [main] &amp#27;[0mINFO  refiSteps_cucumber.Hooks - Close Chrome Browser&amp#27;[m
]]></system-out>
    <system-err><![CDATA[Starting ChromeDriver 87.0.4280.88 (89e2380a3e36c3464b5dd1302349b1382549290d-refs/branch-heads/4280@{#1761}) on port 27834
Only local connections are allowed.
Please see https://chromedriver.chromium.org/security-considerations for suggestions on keeping ChromeDriver safe.
ChromeDriver was started successfully.
Dec 06, 2020 11:25:36 AM org.openqa.selenium.remote.ProtocolHandshake createSession
INFO: Detected dialect: W3C
Starting ChromeDriver 87.0.4280.88 (89e2380a3e36c3464b5dd1302349b1382549290d-refs/branch-heads/4280@{#1761}) on port 29581
Only local connections are allowed.
Please see https://chromedriver.chromium.org/security-considerations for suggestions on keeping ChromeDriver safe.
ChromeDriver was started successfully.
Dec 06, 2020 11:25:38 AM org.openqa.selenium.remote.ProtocolHandshake createSession
INFO: Detected dialect: W3C
]]></system-err>
  </testcase>
</testsuite>